INFO: [2025-06-29 19:21:53] Сервер чата запущен. Порт: 8888
INFO: [2025-06-29 19:22:10] Николай присоединился к чату.
INFO: [2025-06-29 19:22:10] Пользователь <Николай> подключился к серверу.
INFO: [2025-06-29 19:22:16] Николай: Всем привет
INFO: [2025-06-29 19:22:16] Отправка сообщения на сервер: Всем привет
INFO: [2025-06-29 19:22:16] Получение сообщения от сервера: Николай: Всем привет
INFO: [2025-06-29 19:22:23] Отправка сообщения на сервер: 123 hi
INFO: [2025-06-29 19:22:23] Николай: 123 hi
INFO: [2025-06-29 19:22:23] Получение сообщения от сервера: Николай: 123 hi
INFO: [2025-06-29 19:22:26] Отправка сообщения на сервер: exit
INFO: [2025-06-29 19:22:26] Получение сообщения от сервера: Вы покинули чат.
INFO: [2025-06-29 19:22:26] Николай отключился от сервера.
INFO: [2025-06-29 19:22:26] Пользователь <Николай> отключился от сервера.
INFO: [2025-06-29 19:22:26] Николай отключился от сервера.
INFO: [2025-06-29 19:22:26] Пользователь <Николай> отключился от сервера.
INFO: [2025-06-29 19:22:36] Петр присоединился к чату.
INFO: [2025-06-29 19:22:36] Пользователь <Петр> подключился к серверу.
INFO: [2025-06-29 19:22:41] Петр: Привет
INFO: [2025-06-29 19:22:41] Отправка сообщения на сервер: Привет
INFO: [2025-06-29 19:22:41] Получение сообщения от сервера: Петр: Привет
INFO: [2025-06-29 19:22:44] Отправка сообщения на сервер: фвапыва
INFO: [2025-06-29 19:22:44] Петр: фвапыва
INFO: [2025-06-29 19:22:44] Получение сообщения от сервера: Петр: фвапыва
INFO: [2025-06-29 19:22:47] Отправка сообщения на сервер: exit
INFO: [2025-06-29 19:22:47] Петр отключился от сервера.
INFO: [2025-06-29 19:22:47] Пользователь <Петр> отключился от сервера.
INFO: [2025-06-29 19:22:47] Получение сообщения от сервера: Вы покинули чат.
INFO: [2025-06-29 19:22:47] Петр отключился от сервера.
INFO: [2025-06-29 19:22:47] Пользователь <Петр> отключился от сервера.
WARNING: [2025-06-29 19:31:53] Не удалось загрузить файл настроек. java.io.FileNotFoundException: E:\Netology\NetworkChat\settings.txt (Не удается найти указанный файл)
WARNING: [2025-06-29 19:31:53] Использую порт по умолчанию. 8080
WARNING: [2025-06-29 19:32:33] Не удалось загрузить файл настроек. java.io.FileNotFoundException: E:\Netology\NetworkChat\settings.txt (Не удается найти указанный файл)
WARNING: [2025-06-29 19:32:33] Использую порт по умолчанию. 8080
WARNING: [2025-06-29 19:33:36] Не удалось загрузить файл настроек. java.io.FileNotFoundException: E:\Netology\NetworkChat\settings.txt (Не удается найти указанный файл)
WARNING: [2025-06-29 19:33:36] Использую порт по умолчанию. 8080
WARNING: [2025-06-29 19:35:14] Не удалось загрузить файл настроек. java.io.FileNotFoundException: E:\Netology\NetworkChat\settings.txt (Не удается найти указанный файл)
WARNING: [2025-06-29 19:35:14] Использую порт по умолчанию. 8080
WARNING: [2025-06-29 19:35:47] Не удалось загрузить файл настроек. java.io.FileNotFoundException: E:\Netology\NetworkChat\settings.txt (Не удается найти указанный файл)
WARNING: [2025-06-29 19:35:47] Использую порт по умолчанию. 8080
WARNING: [2025-06-29 19:50:24] Не удалось загрузить файл настроек. java.io.FileNotFoundException: E:\Netology\NetworkChat\settings.txt (Не удается найти указанный файл)
WARNING: [2025-06-29 19:50:24] Использую порт по умолчанию. 8080
WARNING: [2025-06-29 19:59:46] Не удалось загрузить файл настроек. java.io.FileNotFoundException: E:\Netology\NetworkChat\settings.txt (Не удается найти указанный файл)
WARNING: [2025-06-29 19:59:46] Использую порт по умолчанию. 8080
WARNING: [2025-06-29 20:00:09] Не удалось загрузить файл настроек. java.io.FileNotFoundException: E:\Netology\NetworkChat\settings.txt (Не удается найти указанный файл)
WARNING: [2025-06-29 20:00:09] Использую порт по умолчанию. 8080
WARNING: [2025-06-29 20:00:36] Не удалось загрузить файл настроек. java.io.FileNotFoundException: E:\Netology\NetworkChat\settings.txt (Не удается найти указанный файл)
WARNING: [2025-06-29 20:00:36] Использую порт по умолчанию. 8080
WARNING: [2025-06-29 20:00:44] Не удалось загрузить файл настроек. java.io.FileNotFoundException: E:\Netology\NetworkChat\settings.txt (Не удается найти указанный файл)
WARNING: [2025-06-29 20:00:44] Использую порт по умолчанию. 8080
WARNING: [2025-06-29 20:00:53] Не удалось загрузить файл настроек. java.io.FileNotFoundException: E:\Netology\NetworkChat\settings.txt (Не удается найти указанный файл)
WARNING: [2025-06-29 20:00:53] Использую порт по умолчанию. 8080
WARNING: [2025-06-29 20:01:02] Не удалось загрузить файл настроек. java.io.FileNotFoundException: E:\Netology\NetworkChat\settings.txt (Не удается найти указанный файл)
WARNING: [2025-06-29 20:01:02] Использую порт по умолчанию. 8080
WARNING: [2025-06-29 20:01:15] Не удалось загрузить файл настроек. java.io.FileNotFoundException: E:\Netology\NetworkChat\settings.txt (Не удается найти указанный файл)
WARNING: [2025-06-29 20:01:15] Использую порт по умолчанию. 8080
WARNING: [2025-06-29 20:02:36] Не удалось загрузить файл настроек. java.io.FileNotFoundException: E:\Netology\NetworkChat\settings.txt (Не удается найти указанный файл)
WARNING: [2025-06-29 20:02:36] Использую порт по умолчанию. 8080
WARNING: [2025-06-29 20:02:49] Не удалось загрузить файл настроек. java.io.FileNotFoundException: E:\Netology\NetworkChat\settings.txt (Не удается найти указанный файл)
WARNING: [2025-06-29 20:02:49] Использую порт по умолчанию. 8080
WARNING: [2025-06-29 20:02:57] Не удалось загрузить файл настроек. java.io.FileNotFoundException: E:\Netology\NetworkChat\settings.txt (Не удается найти указанный файл)
WARNING: [2025-06-29 20:02:57] Использую порт по умолчанию. 8080
WARNING: [2025-06-29 20:03:08] Не удалось загрузить файл настроек. java.io.FileNotFoundException: E:\Netology\NetworkChat\settings.txt (Не удается найти указанный файл)
WARNING: [2025-06-29 20:03:08] Использую порт по умолчанию. 8080
WARNING: [2025-06-29 20:05:41] Не удалось загрузить файл настроек. java.io.FileNotFoundException: E:\Netology\NetworkChat\settings.txt (Не удается найти указанный файл)
WARNING: [2025-06-29 20:05:41] Использую порт по умолчанию. 8080
WARNING: [2025-06-29 20:05:52] Не удалось загрузить файл настроек. java.io.FileNotFoundException: E:\Netology\NetworkChat\settings.txt (Не удается найти указанный файл)
WARNING: [2025-06-29 20:05:52] Использую порт по умолчанию. 8080
WARNING: [2025-06-29 20:06:21] Не удалось загрузить файл настроек. java.io.FileNotFoundException: E:\Netology\NetworkChat\settings.txt (Не удается найти указанный файл)
WARNING: [2025-06-29 20:06:21] Использую порт по умолчанию. 8080
